2021-08-25 09:32:41 [main] [demo-docker//] INFO  c.e.d.demo.docker.demo.Application: 55 - Starting Application using Java 11.0.11 on Pulkits-MacBook-Pro.local with PID 78836 (/Users/pulkitpopli/pulkit/workspace/learn/docker.demo/target/classes started by pulkitpopli in /Users/pulkitpopli/pulkit/workspace/learn/docker.demo)
2021-08-25 09:32:41 [main] [demo-docker//] DEBUG c.e.d.demo.docker.demo.Application: 56 - Running with Spring Boot v2.5.1, Spring v5.3.8
2021-08-25 09:32:41 [main] [demo-docker//] INFO  c.e.d.demo.docker.demo.Application: 659 - No active profile set, falling back to default profiles: default
2021-08-25 09:32:42 [main] [demo-docker//] INFO  o.s.d.r.c.RepositoryConfigurationDelegate: 132 - Bootstrapping Spring Data JPA repositories in DEFAULT mode.
2021-08-25 09:32:42 [main] [demo-docker//] INFO  o.s.d.r.c.RepositoryConfigurationDelegate: 201 - Finished Spring Data repository scanning in 64 ms. Found 1 JPA repository interfaces.
2021-08-25 09:32:43 [main] [demo-docker//] INFO  o.s.cloud.context.scope.GenericScope: 283 - BeanFactory id=9945412d-ad5b-3fc6-9415-215da11febd9
2021-08-25 09:32:44 [main] [demo-docker//] INFO  o.s.b.w.e.tomcat.TomcatWebServer: 108 - Tomcat initialized with port(s): 9000 (http)
2021-08-25 09:32:44 [main] [demo-docker//] INFO  o.a.catalina.core.StandardService: 173 - Starting service [Tomcat]
2021-08-25 09:32:44 [main] [demo-docker//] INFO  o.a.catalina.core.StandardEngine: 173 - Starting Servlet engine: [Apache Tomcat/9.0.46]
2021-08-25 09:32:44 [main] [demo-docker//] INFO  o.a.c.c.C.[Tomcat].[localhost].[/]: 173 - Initializing Spring embedded WebApplicationContext
2021-08-25 09:32:44 [main] [demo-docker//] INFO  o.s.b.w.s.c.ServletWebServerApplicationContext: 290 - Root WebApplicationContext: initialization completed in 2456 ms
2021-08-25 09:32:44 [main] [demo-docker//] INFO  com.zaxxer.hikari.HikariDataSource: 110 - HikariPool-1 - Starting...
2021-08-25 09:32:44 [main] [demo-docker//] INFO  com.zaxxer.hikari.HikariDataSource: 123 - HikariPool-1 - Start completed.
2021-08-25 09:32:44 [main] [demo-docker//] INFO  o.h.jpa.internal.util.LogHelper: 31 - HHH000204: Processing PersistenceUnitInfo [name: default]
2021-08-25 09:32:45 [main] [demo-docker//] INFO  org.hibernate.Version: 44 - HHH000412: Hibernate ORM core version 5.4.32.Final
2021-08-25 09:32:45 [main] [demo-docker//] INFO  o.h.annotations.common.Version: 56 - HCANN000001: Hibernate Commons Annotations {5.1.2.Final}
2021-08-25 09:32:45 [main] [demo-docker//] INFO  org.hibernate.dialect.Dialect: 175 - HHH000400: Using dialect: org.hibernate.dialect.MySQL8Dialect
2021-08-25 09:32:46 [main] [demo-docker//] INFO  o.h.e.t.j.p.i.JtaPlatformInitiator: 52 - HHH000490: Using JtaPlatform implementation: [org.hibernate.engine.transaction.jta.platform.internal.NoJtaPlatform]
2021-08-25 09:32:46 [main] [demo-docker//] INFO  o.s.o.j.LocalContainerEntityManagerFactoryBean: 437 - Initialized JPA EntityManagerFactory for persistence unit 'default'
2021-08-25 09:32:47 [main] [demo-docker//] WARN  o.s.b.a.o.j.JpaBaseConfiguration$JpaWebConfiguration: 219 - spring.jpa.open-in-view is enabled by default. Therefore, database queries may be performed during view rendering. Explicitly configure spring.jpa.open-in-view to disable this warning
2021-08-25 09:32:48 [main] [demo-docker//] INFO  o.s.b.w.e.tomcat.TomcatWebServer: 220 - Tomcat started on port(s): 9000 (http) with context path ''
2021-08-25 09:32:48 [main] [demo-docker//] INFO  c.e.d.demo.docker.demo.Application: 61 - Started Application in 7.131 seconds (JVM running for 7.929)
2021-08-25 09:34:02 [http-nio-9000-exec-1] [demo-docker//] INFO  o.a.c.c.C.[Tomcat].[localhost].[/]: 173 - Initializing Spring DispatcherServlet 'dispatcherServlet'
2021-08-25 09:34:02 [http-nio-9000-exec-1] [demo-docker//] INFO  o.s.web.servlet.DispatcherServlet: 525 - Initializing Servlet 'dispatcherServlet'
2021-08-25 09:34:02 [http-nio-9000-exec-1] [demo-docker//] INFO  o.s.web.servlet.DispatcherServlet: 547 - Completed initialization in 1 ms
2021-08-25 09:34:02 [http-nio-9000-exec-1] [demo-docker/f900d0699714c068/f900d0699714c068] INFO  c.p.r.filter.LoggerFilter: 73 - Handling request = /test/getEmployee
2021-08-25 09:34:02 [http-nio-9000-exec-1] [demo-docker/f900d0699714c068/f900d0699714c068] INFO  c.p.r.filter.LoggerFilter: 74 - Request Method = POST
2021-08-25 09:34:02 [http-nio-9000-exec-1] [demo-docker/f900d0699714c068/f900d0699714c068] INFO  c.p.r.filter.LoggerFilter: 40 - Request = {"id":"1"}
2021-08-25 09:38:05 [http-nio-9000-exec-1] [demo-docker/f900d0699714c068/f900d0699714c068] INFO  c.e.d.d.d.d.c.TestController: 44 - Response = Employee(id=1, name=Pulkit, age=28, country=India)
2021-08-25 09:38:05 [http-nio-9000-exec-1] [demo-docker/f900d0699714c068/f900d0699714c068] INFO  c.e.d.d.d.d.c.TestController: 45 - Response complete = <200,Employee(id=1, name=Pulkit, age=28, country=India),[Content-Type:"application/json", Content-Length:"55", Date:"Wed, 25 Aug 2021 04:08:05 GMT", Keep-Alive:"timeout=60", Connection:"keep-alive"]>
2021-08-25 09:38:05 [http-nio-9000-exec-1] [demo-docker/f900d0699714c068/f900d0699714c068] INFO  c.p.r.filter.LoggerFilter: 86 - response = {"id":"1","name":"Pulkit","age":"28","country":"India"}
2021-08-25 09:40:59 [http-nio-9000-exec-5] [demo-docker/e443dde34528fa3b/e443dde34528fa3b] INFO  c.p.r.filter.LoggerFilter: 73 - Handling request = /test/getEmployee
2021-08-25 09:40:59 [http-nio-9000-exec-5] [demo-docker/e443dde34528fa3b/e443dde34528fa3b] INFO  c.p.r.filter.LoggerFilter: 74 - Request Method = POST
2021-08-25 09:40:59 [http-nio-9000-exec-5] [demo-docker/e443dde34528fa3b/e443dde34528fa3b] INFO  c.p.r.filter.LoggerFilter: 40 - Request = {"id":"1"}
2021-08-25 09:42:22 [http-nio-9000-exec-5] [demo-docker/e443dde34528fa3b/e443dde34528fa3b] INFO  c.e.d.d.d.d.c.TestController: 44 - Response = Employee(id=1, name=Pulkit, age=28, country=India)
2021-08-25 09:42:22 [http-nio-9000-exec-5] [demo-docker/e443dde34528fa3b/e443dde34528fa3b] INFO  c.e.d.d.d.d.c.TestController: 45 - Response complete = <200,Employee(id=1, name=Pulkit, age=28, country=India),[Content-Type:"application/json", Content-Length:"55", Date:"Wed, 25 Aug 2021 04:12:22 GMT", Keep-Alive:"timeout=60", Connection:"keep-alive"]>
2021-08-25 09:42:22 [http-nio-9000-exec-5] [demo-docker/e443dde34528fa3b/e443dde34528fa3b] INFO  c.p.r.filter.LoggerFilter: 86 - response = {"id":"1","name":"Pulkit","age":"28","country":"India"}
2021-08-25 09:47:44 [HikariPool-1 housekeeper] [demo-docker//] WARN  com.zaxxer.hikari.pool.HikariPool: 780 - HikariPool-1 - Retrograde clock change detected (housekeeper delta=29s828ms), soft-evicting connections from pool.
2021-08-25 10:02:38 [http-nio-9000-exec-8] [demo-docker/04cc46d0aec7e317/04cc46d0aec7e317] INFO  c.p.r.filter.LoggerFilter: 73 - Handling request = /test/getEmployee
2021-08-25 10:02:38 [http-nio-9000-exec-8] [demo-docker/04cc46d0aec7e317/04cc46d0aec7e317] INFO  c.p.r.filter.LoggerFilter: 74 - Request Method = POST
2021-08-25 10:02:38 [http-nio-9000-exec-8] [demo-docker/04cc46d0aec7e317/04cc46d0aec7e317] INFO  c.p.r.filter.LoggerFilter: 40 - Request = {"id":"1"}
2021-08-25 10:09:12 [http-nio-9000-exec-8] [demo-docker/04cc46d0aec7e317/04cc46d0aec7e317] INFO  c.e.d.d.d.d.c.TestController: 44 - Response = Employee(id=1, name=Pulkit, age=28, country=India)
2021-08-25 10:09:12 [http-nio-9000-exec-8] [demo-docker/04cc46d0aec7e317/04cc46d0aec7e317] INFO  c.e.d.d.d.d.c.TestController: 45 - Response complete = <200,Employee(id=1, name=Pulkit, age=28, country=India),[Content-Type:"application/json", Content-Length:"55", Date:"Wed, 25 Aug 2021 04:39:12 GMT", Keep-Alive:"timeout=60", Connection:"keep-alive"]>
2021-08-25 10:09:12 [http-nio-9000-exec-8] [demo-docker/04cc46d0aec7e317/04cc46d0aec7e317] INFO  c.p.r.filter.LoggerFilter: 86 - response = {"id":"1","name":"Pulkit","age":"28","country":"India"}
2021-08-25 10:14:15 [http-nio-9000-exec-2] [demo-docker/298bba1b4f8590cc/298bba1b4f8590cc] INFO  c.p.r.filter.LoggerFilter: 73 - Handling request = /test/getEmployee
2021-08-25 10:14:15 [http-nio-9000-exec-2] [demo-docker/298bba1b4f8590cc/298bba1b4f8590cc] INFO  c.p.r.filter.LoggerFilter: 74 - Request Method = POST
2021-08-25 10:14:15 [http-nio-9000-exec-2] [demo-docker/298bba1b4f8590cc/298bba1b4f8590cc] INFO  c.p.r.filter.LoggerFilter: 40 - Request = {"id":"1"}
2021-08-25 10:14:15 [http-nio-9000-exec-2] [demo-docker/298bba1b4f8590cc/298bba1b4f8590cc] INFO  c.p.r.filter.LoggerFilter: 93 - Exception occurred = {}
org.springframework.web.util.NestedServletException: Request processing failed; nested exception is org.springframework.web.client.ResourceAccessException: I/O error on POST request for "http://localhost:9090/downstream/getEmployee": Connection refused (Connection refused); nested exception is java.net.ConnectException: Connection refused (Connection refused)
	at org.springframework.web.servlet.FrameworkServlet.processRequest(FrameworkServlet.java:1014)
	at org.springframework.web.servlet.FrameworkServlet.doPost(FrameworkServlet.java:909)
	at javax.servlet.http.HttpServlet.service(HttpServlet.java:652)
	at org.springframework.web.servlet.FrameworkServlet.service(FrameworkServlet.java:883)
	at javax.servlet.http.HttpServlet.service(HttpServlet.java:733)
	at org.apache.catalina.core.ApplicationFilterChain.internalDoFilter(ApplicationFilterChain.java:227)
	at org.apache.catalina.core.ApplicationFilterChain.doFilter(ApplicationFilterChain.java:162)
	at org.apache.tomcat.websocket.server.WsFilter.doFilter(WsFilter.java:53)
	at org.apache.catalina.core.ApplicationFilterChain.internalDoFilter(ApplicationFilterChain.java:189)
	at org.apache.catalina.core.ApplicationFilterChain.doFilter(ApplicationFilterChain.java:162)
	at com.pulkit.requesttracer.filter.LoggerFilter.doFilterInternal(LoggerFilter.java:82)
	at org.springframework.web.filter.OncePerRequestFilter.doFilter(OncePerRequestFilter.java:119)
	at org.apache.catalina.core.ApplicationFilterChain.internalDoFilter(ApplicationFilterChain.java:189)
	at org.apache.catalina.core.ApplicationFilterChain.doFilter(ApplicationFilterChain.java:162)
	at org.springframework.web.filter.RequestContextFilter.doFilterInternal(RequestContextFilter.java:100)
	at org.springframework.web.filter.OncePerRequestFilter.doFilter(OncePerRequestFilter.java:119)
	at org.apache.catalina.core.ApplicationFilterChain.internalDoFilter(ApplicationFilterChain.java:189)
	at org.apache.catalina.core.ApplicationFilterChain.doFilter(ApplicationFilterChain.java:162)
	at org.springframework.web.filter.FormContentFilter.doFilterInternal(FormContentFilter.java:93)
	at org.springframework.web.filter.OncePerRequestFilter.doFilter(OncePerRequestFilter.java:119)
	at org.apache.catalina.core.ApplicationFilterChain.internalDoFilter(ApplicationFilterChain.java:189)
	at org.apache.catalina.core.ApplicationFilterChain.doFilter(ApplicationFilterChain.java:162)
	at org.springframework.cloud.sleuth.instrument.web.servlet.TracingFilter.doFilter(TracingFilter.java:89)
	at org.springframework.cloud.sleuth.autoconfig.instrument.web.LazyTracingFilter.doFilter(TraceWebServletConfiguration.java:114)
	at org.apache.catalina.core.ApplicationFilterChain.internalDoFilter(ApplicationFilterChain.java:189)
	at org.apache.catalina.core.ApplicationFilterChain.doFilter(ApplicationFilterChain.java:162)
	at org.springframework.web.filter.CharacterEncodingFilter.doFilterInternal(CharacterEncodingFilter.java:201)
	at org.springframework.web.filter.OncePerRequestFilter.doFilter(OncePerRequestFilter.java:119)
	at org.apache.catalina.core.ApplicationFilterChain.internalDoFilter(ApplicationFilterChain.java:189)
	at org.apache.catalina.core.ApplicationFilterChain.doFilter(ApplicationFilterChain.java:162)
	at org.apache.catalina.core.StandardWrapperValve.invoke(StandardWrapperValve.java:202)
	at org.apache.catalina.core.StandardContextValve.invoke(StandardContextValve.java:97)
	at org.apache.catalina.authenticator.AuthenticatorBase.invoke(AuthenticatorBase.java:542)
	at org.apache.catalina.core.StandardHostValve.invoke(StandardHostValve.java:143)
	at org.apache.catalina.valves.ErrorReportValve.invoke(ErrorReportValve.java:92)
	at org.apache.catalina.core.StandardEngineValve.invoke(StandardEngineValve.java:78)
	at org.apache.catalina.connector.CoyoteAdapter.service(CoyoteAdapter.java:357)
	at org.apache.coyote.http11.Http11Processor.service(Http11Processor.java:374)
	at org.apache.coyote.AbstractProcessorLight.process(AbstractProcessorLight.java:65)
	at org.apache.coyote.AbstractProtocol$ConnectionHandler.process(AbstractProtocol.java:893)
	at org.apache.tomcat.util.net.NioEndpoint$SocketProcessor.doRun(NioEndpoint.java:1707)
	at org.apache.tomcat.util.net.SocketProcessorBase.run(SocketProcessorBase.java:49)
	at java.base/java.util.concurrent.ThreadPoolExecutor.runWorker(ThreadPoolExecutor.java:1128)
	at java.base/java.util.concurrent.ThreadPoolExecutor$Worker.run(ThreadPoolExecutor.java:628)
	at org.apache.tomcat.util.threads.TaskThread$WrappingRunnable.run(TaskThread.java:61)
	at java.base/java.lang.Thread.run(Thread.java:834)
Caused by: org.springframework.web.client.ResourceAccessException: I/O error on POST request for "http://localhost:9090/downstream/getEmployee": Connection refused (Connection refused); nested exception is java.net.ConnectException: Connection refused (Connection refused)
	at org.springframework.web.client.RestTemplate.doExecute(RestTemplate.java:785)
	at org.springframework.web.client.RestTemplate.execute(RestTemplate.java:751)
	at org.springframework.web.client.RestTemplate.postForEntity(RestTemplate.java:486)
	at com.example.docker.demo.docker.demo.controller.TestController.pulkit(TestController.java:43)
	at java.base/jdk.internal.reflect.NativeMethodAccessorImpl.invoke0(Native Method)
	at java.base/jdk.internal.reflect.NativeMethodAccessorImpl.invoke(NativeMethodAccessorImpl.java:62)
	at java.base/jdk.internal.reflect.DelegatingMethodAccessorImpl.invoke(DelegatingMethodAccessorImpl.java:43)
	at java.base/java.lang.reflect.Method.invoke(Method.java:566)
	at org.springframework.web.method.support.InvocableHandlerMethod.doInvoke(InvocableHandlerMethod.java:197)
	at org.springframework.web.method.support.InvocableHandlerMethod.invokeForRequest(InvocableHandlerMethod.java:141)
	at org.springframework.web.servlet.mvc.method.annotation.ServletInvocableHandlerMethod.invokeAndHandle(ServletInvocableHandlerMethod.java:106)
	at org.springframework.web.servlet.mvc.method.annotation.RequestMappingHandlerAdapter.invokeHandlerMethod(RequestMappingHandlerAdapter.java:894)
	at org.springframework.web.servlet.mvc.method.annotation.RequestMappingHandlerAdapter.handleInternal(RequestMappingHandlerAdapter.java:808)
	at org.springframework.web.servlet.mvc.method.AbstractHandlerMethodAdapter.handle(AbstractHandlerMethodAdapter.java:87)
	at org.springframework.web.servlet.DispatcherServlet.doDispatch(DispatcherServlet.java:1063)
	at org.springframework.web.servlet.DispatcherServlet.doService(DispatcherServlet.java:963)
	at org.springframework.web.servlet.FrameworkServlet.processRequest(FrameworkServlet.java:1006)
	... 45 common frames omitted
Caused by: java.net.ConnectException: Connection refused (Connection refused)
	at java.base/java.net.PlainSocketImpl.socketConnect(Native Method)
	at java.base/java.net.AbstractPlainSocketImpl.doConnect(AbstractPlainSocketImpl.java:399)
	at java.base/java.net.AbstractPlainSocketImpl.connectToAddress(AbstractPlainSocketImpl.java:242)
	at java.base/java.net.AbstractPlainSocketImpl.connect(AbstractPlainSocketImpl.java:224)
	at java.base/java.net.Socket.connect(Socket.java:608)
	at java.base/java.net.Socket.connect(Socket.java:557)
	at java.base/sun.net.NetworkClient.doConnect(NetworkClient.java:182)
	at java.base/sun.net.www.http.HttpClient.openServer(HttpClient.java:474)
	at java.base/sun.net.www.http.HttpClient.openServer(HttpClient.java:569)
	at java.base/sun.net.www.http.HttpClient.<init>(HttpClient.java:242)
	at java.base/sun.net.www.http.HttpClient.New(HttpClient.java:341)
	at java.base/sun.net.www.http.HttpClient.New(HttpClient.java:362)
	at java.base/sun.net.www.protocol.http.HttpURLConnection.getNewHttpClient(HttpURLConnection.java:1253)
	at java.base/sun.net.www.protocol.http.HttpURLConnection.plainConnect0(HttpURLConnection.java:1187)
	at java.base/sun.net.www.protocol.http.HttpURLConnection.plainConnect(HttpURLConnection.java:1081)
	at java.base/sun.net.www.protocol.http.HttpURLConnection.connect(HttpURLConnection.java:1015)
	at org.springframework.http.client.SimpleBufferingClientHttpRequest.executeInternal(SimpleBufferingClientHttpRequest.java:76)
	at org.springframework.http.client.AbstractBufferingClientHttpRequest.executeInternal(AbstractBufferingClientHttpRequest.java:48)
	at org.springframework.http.client.AbstractClientHttpRequest.execute(AbstractClientHttpRequest.java:66)
	at org.springframework.http.client.InterceptingClientHttpRequest$InterceptingRequestExecution.execute(InterceptingClientHttpRequest.java:109)
	at org.springframework.cloud.sleuth.instrument.web.mvc.TracingClientHttpRequestInterceptor.intercept(TracingClientHttpRequestInterceptor.java:69)
	at org.springframework.cloud.sleuth.instrument.web.client.LazyTraceClientHttpRequestInterceptor.intercept(LazyTraceClientHttpRequestInterceptor.java:51)
	at org.springframework.http.client.InterceptingClientHttpRequest$InterceptingRequestExecution.execute(InterceptingClientHttpRequest.java:93)
	at org.springframework.http.client.InterceptingClientHttpRequest.executeInternal(InterceptingClientHttpRequest.java:77)
	at org.springframework.http.client.AbstractBufferingClientHttpRequest.executeInternal(AbstractBufferingClientHttpRequest.java:48)
	at org.springframework.http.client.AbstractClientHttpRequest.execute(AbstractClientHttpRequest.java:66)
	at org.springframework.web.client.RestTemplate.doExecute(RestTemplate.java:776)
	... 61 common frames omitted
2021-08-25 10:14:15 [http-nio-9000-exec-2] [demo-docker/298bba1b4f8590cc/298bba1b4f8590cc] ERROR c.p.r.filter.LoggerFilter: 96 - error occurred = Request processing failed; nested exception is org.springframework.web.client.ResourceAccessException: I/O error on POST request for "http://localhost:9090/downstream/getEmployee": Connection refused (Connection refused); nested exception is java.net.ConnectException: Connection refused (Connection refused)
2021-08-25 10:14:15 [http-nio-9000-exec-2] [demo-docker//] ERROR o.a.c.c.C.[.[.[.[dispatcherServlet]: 175 - Servlet.service() for servlet [dispatcherServlet] in context with path [] threw exception [Request processing failed; nested exception is org.springframework.web.client.ResourceAccessException: I/O error on POST request for "http://localhost:9090/downstream/getEmployee": Connection refused (Connection refused); nested exception is java.net.ConnectException: Connection refused (Connection refused)] with root cause
java.net.ConnectException: Connection refused (Connection refused)
	at java.base/java.net.PlainSocketImpl.socketConnect(Native Method)
	at java.base/java.net.AbstractPlainSocketImpl.doConnect(AbstractPlainSocketImpl.java:399)
	at java.base/java.net.AbstractPlainSocketImpl.connectToAddress(AbstractPlainSocketImpl.java:242)
	at java.base/java.net.AbstractPlainSocketImpl.connect(AbstractPlainSocketImpl.java:224)
	at java.base/java.net.Socket.connect(Socket.java:608)
	at java.base/java.net.Socket.connect(Socket.java:557)
	at java.base/sun.net.NetworkClient.doConnect(NetworkClient.java:182)
	at java.base/sun.net.www.http.HttpClient.openServer(HttpClient.java:474)
	at java.base/sun.net.www.http.HttpClient.openServer(HttpClient.java:569)
	at java.base/sun.net.www.http.HttpClient.<init>(HttpClient.java:242)
	at java.base/sun.net.www.http.HttpClient.New(HttpClient.java:341)
	at java.base/sun.net.www.http.HttpClient.New(HttpClient.java:362)
	at java.base/sun.net.www.protocol.http.HttpURLConnection.getNewHttpClient(HttpURLConnection.java:1253)
	at java.base/sun.net.www.protocol.http.HttpURLConnection.plainConnect0(HttpURLConnection.java:1187)
	at java.base/sun.net.www.protocol.http.HttpURLConnection.plainConnect(HttpURLConnection.java:1081)
	at java.base/sun.net.www.protocol.http.HttpURLConnection.connect(HttpURLConnection.java:1015)
	at org.springframework.http.client.SimpleBufferingClientHttpRequest.executeInternal(SimpleBufferingClientHttpRequest.java:76)
	at org.springframework.http.client.AbstractBufferingClientHttpRequest.executeInternal(AbstractBufferingClientHttpRequest.java:48)
	at org.springframework.http.client.AbstractClientHttpRequest.execute(AbstractClientHttpRequest.java:66)
	at org.springframework.http.client.InterceptingClientHttpRequest$InterceptingRequestExecution.execute(InterceptingClientHttpRequest.java:109)
	at org.springframework.cloud.sleuth.instrument.web.mvc.TracingClientHttpRequestInterceptor.intercept(TracingClientHttpRequestInterceptor.java:69)
	at org.springframework.cloud.sleuth.instrument.web.client.LazyTraceClientHttpRequestInterceptor.intercept(LazyTraceClientHttpRequestInterceptor.java:51)
	at org.springframework.http.client.InterceptingClientHttpRequest$InterceptingRequestExecution.execute(InterceptingClientHttpRequest.java:93)
	at org.springframework.http.client.InterceptingClientHttpRequest.executeInternal(InterceptingClientHttpRequest.java:77)
	at org.springframework.http.client.AbstractBufferingClientHttpRequest.executeInternal(AbstractBufferingClientHttpRequest.java:48)
	at org.springframework.http.client.AbstractClientHttpRequest.execute(AbstractClientHttpRequest.java:66)
	at org.springframework.web.client.RestTemplate.doExecute(RestTemplate.java:776)
	at org.springframework.web.client.RestTemplate.execute(RestTemplate.java:751)
	at org.springframework.web.client.RestTemplate.postForEntity(RestTemplate.java:486)
	at com.example.docker.demo.docker.demo.controller.TestController.pulkit(TestController.java:43)
	at java.base/jdk.internal.reflect.NativeMethodAccessorImpl.invoke0(Native Method)
	at java.base/jdk.internal.reflect.NativeMethodAccessorImpl.invoke(NativeMethodAccessorImpl.java:62)
	at java.base/jdk.internal.reflect.DelegatingMethodAccessorImpl.invoke(DelegatingMethodAccessorImpl.java:43)
	at java.base/java.lang.reflect.Method.invoke(Method.java:566)
	at org.springframework.web.method.support.InvocableHandlerMethod.doInvoke(InvocableHandlerMethod.java:197)
	at org.springframework.web.method.support.InvocableHandlerMethod.invokeForRequest(InvocableHandlerMethod.java:141)
	at org.springframework.web.servlet.mvc.method.annotation.ServletInvocableHandlerMethod.invokeAndHandle(ServletInvocableHandlerMethod.java:106)
	at org.springframework.web.servlet.mvc.method.annotation.RequestMappingHandlerAdapter.invokeHandlerMethod(RequestMappingHandlerAdapter.java:894)
	at org.springframework.web.servlet.mvc.method.annotation.RequestMappingHandlerAdapter.handleInternal(RequestMappingHandlerAdapter.java:808)
	at org.springframework.web.servlet.mvc.method.AbstractHandlerMethodAdapter.handle(AbstractHandlerMethodAdapter.java:87)
	at org.springframework.web.servlet.DispatcherServlet.doDispatch(DispatcherServlet.java:1063)
	at org.springframework.web.servlet.DispatcherServlet.doService(DispatcherServlet.java:963)
	at org.springframework.web.servlet.FrameworkServlet.processRequest(FrameworkServlet.java:1006)
	at org.springframework.web.servlet.FrameworkServlet.doPost(FrameworkServlet.java:909)
	at javax.servlet.http.HttpServlet.service(HttpServlet.java:652)
	at org.springframework.web.servlet.FrameworkServlet.service(FrameworkServlet.java:883)
	at javax.servlet.http.HttpServlet.service(HttpServlet.java:733)
	at org.apache.catalina.core.ApplicationFilterChain.internalDoFilter(ApplicationFilterChain.java:227)
	at org.apache.catalina.core.ApplicationFilterChain.doFilter(ApplicationFilterChain.java:162)
	at org.apache.tomcat.websocket.server.WsFilter.doFilter(WsFilter.java:53)
	at org.apache.catalina.core.ApplicationFilterChain.internalDoFilter(ApplicationFilterChain.java:189)
	at org.apache.catalina.core.ApplicationFilterChain.doFilter(ApplicationFilterChain.java:162)
	at com.pulkit.requesttracer.filter.LoggerFilter.doFilterInternal(LoggerFilter.java:82)
	at org.springframework.web.filter.OncePerRequestFilter.doFilter(OncePerRequestFilter.java:119)
	at org.apache.catalina.core.ApplicationFilterChain.internalDoFilter(ApplicationFilterChain.java:189)
	at org.apache.catalina.core.ApplicationFilterChain.doFilter(ApplicationFilterChain.java:162)
	at org.springframework.web.filter.RequestContextFilter.doFilterInternal(RequestContextFilter.java:100)
	at org.springframework.web.filter.OncePerRequestFilter.doFilter(OncePerRequestFilter.java:119)
	at org.apache.catalina.core.ApplicationFilterChain.internalDoFilter(ApplicationFilterChain.java:189)
	at org.apache.catalina.core.ApplicationFilterChain.doFilter(ApplicationFilterChain.java:162)
	at org.springframework.web.filter.FormContentFilter.doFilterInternal(FormContentFilter.java:93)
	at org.springframework.web.filter.OncePerRequestFilter.doFilter(OncePerRequestFilter.java:119)
	at org.apache.catalina.core.ApplicationFilterChain.internalDoFilter(ApplicationFilterChain.java:189)
	at org.apache.catalina.core.ApplicationFilterChain.doFilter(ApplicationFilterChain.java:162)
	at org.springframework.cloud.sleuth.instrument.web.servlet.TracingFilter.doFilter(TracingFilter.java:89)
	at org.springframework.cloud.sleuth.autoconfig.instrument.web.LazyTracingFilter.doFilter(TraceWebServletConfiguration.java:114)
	at org.apache.catalina.core.ApplicationFilterChain.internalDoFilter(ApplicationFilterChain.java:189)
	at org.apache.catalina.core.ApplicationFilterChain.doFilter(ApplicationFilterChain.java:162)
	at org.springframework.web.filter.CharacterEncodingFilter.doFilterInternal(CharacterEncodingFilter.java:201)
	at org.springframework.web.filter.OncePerRequestFilter.doFilter(OncePerRequestFilter.java:119)
	at org.apache.catalina.core.ApplicationFilterChain.internalDoFilter(ApplicationFilterChain.java:189)
	at org.apache.catalina.core.ApplicationFilterChain.doFilter(ApplicationFilterChain.java:162)
	at org.apache.catalina.core.StandardWrapperValve.invoke(StandardWrapperValve.java:202)
	at org.apache.catalina.core.StandardContextValve.invoke(StandardContextValve.java:97)
	at org.apache.catalina.authenticator.AuthenticatorBase.invoke(AuthenticatorBase.java:542)
	at org.apache.catalina.core.StandardHostValve.invoke(StandardHostValve.java:143)
	at org.apache.catalina.valves.ErrorReportValve.invoke(ErrorReportValve.java:92)
	at org.apache.catalina.core.StandardEngineValve.invoke(StandardEngineValve.java:78)
	at org.apache.catalina.connector.CoyoteAdapter.service(CoyoteAdapter.java:357)
	at org.apache.coyote.http11.Http11Processor.service(Http11Processor.java:374)
	at org.apache.coyote.AbstractProcessorLight.process(AbstractProcessorLight.java:65)
	at org.apache.coyote.AbstractProtocol$ConnectionHandler.process(AbstractProtocol.java:893)
	at org.apache.tomcat.util.net.NioEndpoint$SocketProcessor.doRun(NioEndpoint.java:1707)
	at org.apache.tomcat.util.net.SocketProcessorBase.run(SocketProcessorBase.java:49)
	at java.base/java.util.concurrent.ThreadPoolExecutor.runWorker(ThreadPoolExecutor.java:1128)
	at java.base/java.util.concurrent.ThreadPoolExecutor$Worker.run(ThreadPoolExecutor.java:628)
	at org.apache.tomcat.util.threads.TaskThread$WrappingRunnable.run(TaskThread.java:61)
	at java.base/java.lang.Thread.run(Thread.java:834)
2021-08-25 10:14:51 [http-nio-9000-exec-3] [demo-docker/122f6577239344e4/122f6577239344e4] INFO  c.p.r.filter.LoggerFilter: 73 - Handling request = /test/getEmployee
2021-08-25 10:14:51 [http-nio-9000-exec-3] [demo-docker/122f6577239344e4/122f6577239344e4] INFO  c.p.r.filter.LoggerFilter: 74 - Request Method = POST
2021-08-25 10:14:51 [http-nio-9000-exec-3] [demo-docker/122f6577239344e4/122f6577239344e4] INFO  c.p.r.filter.LoggerFilter: 40 - Request = {"id":"1"}
2021-08-25 11:01:30 [http-nio-9000-exec-3] [demo-docker/122f6577239344e4/122f6577239344e4] INFO  c.e.d.d.d.d.c.TestController: 44 - Response = Employee(id=1, name=Pulkit, age=28, country=India)
2021-08-25 11:01:30 [http-nio-9000-exec-3] [demo-docker/122f6577239344e4/122f6577239344e4] INFO  c.e.d.d.d.d.c.TestController: 45 - Response complete = <200,Employee(id=1, name=Pulkit, age=28, country=India),[Content-Type:"application/json", Content-Length:"55", Date:"Wed, 25 Aug 2021 05:31:30 GMT", Keep-Alive:"timeout=60", Connection:"keep-alive"]>
2021-08-25 11:01:30 [http-nio-9000-exec-3] [demo-docker/122f6577239344e4/122f6577239344e4] INFO  c.p.r.filter.LoggerFilter: 86 - response = {"id":"1","name":"Pulkit","age":"28","country":"India"}
2021-08-25 11:02:15 [http-nio-9000-exec-4] [demo-docker/5efefedbaaad4c50/5efefedbaaad4c50] INFO  c.p.r.filter.LoggerFilter: 73 - Handling request = /test/getEmployee
2021-08-25 11:02:15 [http-nio-9000-exec-4] [demo-docker/5efefedbaaad4c50/5efefedbaaad4c50] INFO  c.p.r.filter.LoggerFilter: 74 - Request Method = POST
2021-08-25 11:02:15 [http-nio-9000-exec-4] [demo-docker/5efefedbaaad4c50/5efefedbaaad4c50] INFO  c.p.r.filter.LoggerFilter: 40 - Request = {"id":"1"}
2021-08-25 11:02:18 [http-nio-9000-exec-4] [demo-docker/5efefedbaaad4c50/5efefedbaaad4c50] INFO  c.e.d.d.d.d.c.TestController: 44 - Response = Employee(id=1, name=Pulkit, age=28, country=India)
2021-08-25 11:02:18 [http-nio-9000-exec-4] [demo-docker/5efefedbaaad4c50/5efefedbaaad4c50] INFO  c.e.d.d.d.d.c.TestController: 45 - Response complete = <200,Employee(id=1, name=Pulkit, age=28, country=India),[Content-Type:"application/json", Content-Length:"55", Date:"Wed, 25 Aug 2021 05:32:18 GMT", Keep-Alive:"timeout=60", Connection:"keep-alive"]>
2021-08-25 11:02:18 [http-nio-9000-exec-4] [demo-docker/5efefedbaaad4c50/5efefedbaaad4c50] INFO  c.p.r.filter.LoggerFilter: 86 - response = {"id":"1","name":"Pulkit","age":"28","country":"India"}
2021-08-25 11:18:22 [SpringApplicationShutdownHook] [demo-docker//] INFO  o.s.o.j.LocalContainerEntityManagerFactoryBean: 651 - Closing JPA EntityManagerFactory for persistence unit 'default'
2021-08-25 11:18:22 [SpringApplicationShutdownHook] [demo-docker//] INFO  com.zaxxer.hikari.HikariDataSource: 350 - HikariPool-1 - Shutdown initiated...
2021-08-25 11:18:22 [SpringApplicationShutdownHook] [demo-docker//] INFO  com.zaxxer.hikari.HikariDataSource: 352 - HikariPool-1 - Shutdown completed.
2021-08-25 11:38:45 [main] [demo-docker//] INFO  c.e.d.d.docker.demo.ApplicationTests: 55 - Starting ApplicationTests using Java 11.0.11 on Pulkits-MacBook-Pro.local with PID 49353 (started by pulkitpopli in /Users/pulkitpopli/pulkit/workspace/learn/docker.demo)
2021-08-25 11:38:45 [main] [demo-docker//] DEBUG c.e.d.d.docker.demo.ApplicationTests: 56 - Running with Spring Boot v2.5.1, Spring v5.3.8
2021-08-25 11:38:45 [main] [demo-docker//] INFO  c.e.d.d.docker.demo.ApplicationTests: 659 - No active profile set, falling back to default profiles: default
2021-08-25 11:38:45 [main] [demo-docker//] INFO  o.s.d.r.c.RepositoryConfigurationDelegate: 132 - Bootstrapping Spring Data JPA repositories in DEFAULT mode.
2021-08-25 11:38:46 [main] [demo-docker//] INFO  o.s.d.r.c.RepositoryConfigurationDelegate: 201 - Finished Spring Data repository scanning in 69 ms. Found 1 JPA repository interfaces.
2021-08-25 11:38:46 [main] [demo-docker//] WARN  o.s.w.c.s.GenericWebApplicationContext: 591 - Exception encountered during context initialization - cancelling refresh attempt: org.springframework.beans.factory.support.BeanDefinitionOverrideException: Invalid bean definition with name 'tracer' defined in class path resource [org/springframework/cloud/sleuth/autoconfig/brave/BraveAutoConfiguration.class]: Cannot register bean definition [Root bean: class [null]; scope=; abstract=false; lazyInit=null; autowireMode=3; dependencyCheck=0; autowireCandidate=true; primary=false; factoryBeanName=org.springframework.cloud.sleuth.autoconfig.brave.BraveAutoConfiguration; factoryMethodName=tracer; initMethodName=null; destroyMethodName=(inferred); defined in class path resource [org/springframework/cloud/sleuth/autoconfig/brave/BraveAutoConfiguration.class]] for bean 'tracer': There is already [Root bean: class [null]; scope=; abstract=false; lazyInit=null; autowireMode=3; dependencyCheck=0; autowireCandidate=true; primary=false; factoryBeanName=com.expedia.haystack.opentracing.spring.starter.TracerConfigurer; factoryMethodName=tracer; initMethodName=null; destroyMethodName=(inferred); defined in class path resource [com/expedia/haystack/opentracing/spring/starter/TracerConfigurer.class]] bound.
2021-08-25 11:38:46 [main] [demo-docker//] INFO  o.s.b.a.l.ConditionEvaluationReportLoggingListener: 136 - 

Error starting ApplicationContext. To display the conditions report re-run your application with 'debug' enabled.
2021-08-25 11:38:46 [main] [demo-docker//] ERROR o.s.b.d.LoggingFailureAnalysisReporter: 40 - 

***************************
APPLICATION FAILED TO START
***************************

Description:

The bean 'tracer', defined in class path resource [org/springframework/cloud/sleuth/autoconfig/brave/BraveAutoConfiguration.class], could not be registered. A bean with that name has already been defined in class path resource [com/expedia/haystack/opentracing/spring/starter/TracerConfigurer.class] and overriding is disabled.

Action:

Consider renaming one of the beans or enabling overriding by setting spring.main.allow-bean-definition-overriding=true

2021-08-25 11:38:46 [main] [demo-docker//] ERROR o.s.test.context.TestContextManager: 248 - Caught exception while allowing TestExecutionListener [org.springframework.test.context.web.ServletTestExecutionListener@698122b2] to prepare test instance [com.example.docker.demo.docker.demo.ApplicationTests@6993c8df]
java.lang.IllegalStateException: Failed to load ApplicationContext
	at org.springframework.test.context.cache.DefaultCacheAwareContextLoaderDelegate.loadContext(DefaultCacheAwareContextLoaderDelegate.java:132)
	at org.springframework.test.context.support.DefaultTestContext.getApplicationContext(DefaultTestContext.java:124)
	at org.springframework.test.context.web.ServletTestExecutionListener.setUpRequestContextIfNecessary(ServletTestExecutionListener.java:190)
	at org.springframework.test.context.web.ServletTestExecutionListener.prepareTestInstance(ServletTestExecutionListener.java:132)
	at org.springframework.test.context.TestContextManager.prepareTestInstance(TestContextManager.java:244)
	at org.springframework.test.context.junit.jupiter.SpringExtension.postProcessTestInstance(SpringExtension.java:138)
	at org.junit.jupiter.engine.descriptor.ClassBasedTestDescriptor.lambda$invokeTestInstancePostProcessors$6(ClassBasedTestDescriptor.java:350)
	at org.junit.jupiter.engine.descriptor.ClassBasedTestDescriptor.executeAndMaskThrowable(ClassBasedTestDescriptor.java:355)
	at org.junit.jupiter.engine.descriptor.ClassBasedTestDescriptor.lambda$invokeTestInstancePostProcessors$7(ClassBasedTestDescriptor.java:350)
	at java.base/java.util.stream.ReferencePipeline$3$1.accept(ReferencePipeline.java:195)
	at java.base/java.util.stream.ReferencePipeline$2$1.accept(ReferencePipeline.java:177)
	at java.base/java.util.ArrayList$ArrayListSpliterator.forEachRemaining(ArrayList.java:1655)
	at java.base/java.util.stream.AbstractPipeline.copyInto(AbstractPipeline.java:484)
	at java.base/java.util.stream.AbstractPipeline.wrapAndCopyInto(AbstractPipeline.java:474)
	at java.base/java.util.stream.StreamSpliterators$WrappingSpliterator.forEachRemaining(StreamSpliterators.java:312)
	at java.base/java.util.stream.Streams$ConcatSpliterator.forEachRemaining(Streams.java:735)
	at java.base/java.util.stream.Streams$ConcatSpliterator.forEachRemaining(Streams.java:734)
	at java.base/java.util.stream.ReferencePipeline$Head.forEach(ReferencePipeline.java:658)
	at org.junit.jupiter.engine.descriptor.ClassBasedTestDescriptor.invokeTestInstancePostProcessors(ClassBasedTestDescriptor.java:349)
	at org.junit.jupiter.engine.descriptor.ClassBasedTestDescriptor.lambda$instantiateAndPostProcessTestInstance$4(ClassBasedTestDescriptor.java:270)
	at org.junit.platform.engine.support.hierarchical.ThrowableCollector.execute(ThrowableCollector.java:73)
	at org.junit.jupiter.engine.descriptor.ClassBasedTestDescriptor.instantiateAndPostProcessTestInstance(ClassBasedTestDescriptor.java:269)
	at org.junit.jupiter.engine.descriptor.ClassBasedTestDescriptor.lambda$testInstancesProvider$2(ClassBasedTestDescriptor.java:259)
	at java.base/java.util.Optional.orElseGet(Optional.java:369)
	at org.junit.jupiter.engine.descriptor.ClassBasedTestDescriptor.lambda$testInstancesProvider$3(ClassBasedTestDescriptor.java:258)
	at org.junit.jupiter.engine.execution.TestInstancesProvider.getTestInstances(TestInstancesProvider.java:31)
	at org.junit.jupiter.engine.descriptor.TestMethodTestDescriptor.lambda$prepare$0(TestMethodTestDescriptor.java:101)
	at org.junit.platform.engine.support.hierarchical.ThrowableCollector.execute(ThrowableCollector.java:73)
	at org.junit.jupiter.engine.descriptor.TestMethodTestDescriptor.prepare(TestMethodTestDescriptor.java:100)
	at org.junit.jupiter.engine.descriptor.TestMethodTestDescriptor.prepare(TestMethodTestDescriptor.java:65)
	at org.junit.platform.engine.support.hierarchical.NodeTestTask.lambda$prepare$1(NodeTestTask.java:111)
	at org.junit.platform.engine.support.hierarchical.ThrowableCollector.execute(ThrowableCollector.java:73)
	at org.junit.platform.engine.support.hierarchical.NodeTestTask.prepare(NodeTestTask.java:111)
	at org.junit.platform.engine.support.hierarchical.NodeTestTask.execute(NodeTestTask.java:79)
	at java.base/java.util.ArrayList.forEach(ArrayList.java:1541)
	at org.junit.platform.engine.support.hierarchical.SameThreadHierarchicalTestExecutorService.invokeAll(SameThreadHierarchicalTestExecutorService.java:38)
	at org.junit.platform.engine.support.hierarchical.NodeTestTask.lambda$executeRecursively$5(NodeTestTask.java:143)
	at org.junit.platform.engine.support.hierarchical.ThrowableCollector.execute(ThrowableCollector.java:73)
	at org.junit.platform.engine.support.hierarchical.NodeTestTask.lambda$executeRecursively$7(NodeTestTask.java:129)
	at org.junit.platform.engine.support.hierarchical.Node.around(Node.java:137)
	at org.junit.platform.engine.support.hierarchical.NodeTestTask.lambda$executeRecursively$8(NodeTestTask.java:127)
	at org.junit.platform.engine.support.hierarchical.ThrowableCollector.execute(ThrowableCollector.java:73)
	at org.junit.platform.engine.support.hierarchical.NodeTestTask.executeRecursively(NodeTestTask.java:126)
	at org.junit.platform.engine.support.hierarchical.NodeTestTask.execute(NodeTestTask.java:84)
	at java.base/java.util.ArrayList.forEach(ArrayList.java:1541)
	at org.junit.platform.engine.support.hierarchical.SameThreadHierarchicalTestExecutorService.invokeAll(SameThreadHierarchicalTestExecutorService.java:38)
	at org.junit.platform.engine.support.hierarchical.NodeTestTask.lambda$executeRecursively$5(NodeTestTask.java:143)
	at org.junit.platform.engine.support.hierarchical.ThrowableCollector.execute(ThrowableCollector.java:73)
	at org.junit.platform.engine.support.hierarchical.NodeTestTask.lambda$executeRecursively$7(NodeTestTask.java:129)
	at org.junit.platform.engine.support.hierarchical.Node.around(Node.java:137)
	at org.junit.platform.engine.support.hierarchical.NodeTestTask.lambda$executeRecursively$8(NodeTestTask.java:127)
	at org.junit.platform.engine.support.hierarchical.ThrowableCollector.execute(ThrowableCollector.java:73)
	at org.junit.platform.engine.support.hierarchical.NodeTestTask.executeRecursively(NodeTestTask.java:126)
	at org.junit.platform.engine.support.hierarchical.NodeTestTask.execute(NodeTestTask.java:84)
	at org.junit.platform.engine.support.hierarchical.SameThreadHierarchicalTestExecutorService.submit(SameThreadHierarchicalTestExecutorService.java:32)
	at org.junit.platform.engine.support.hierarchical.HierarchicalTestExecutor.execute(HierarchicalTestExecutor.java:57)
	at org.junit.platform.engine.support.hierarchical.HierarchicalTestEngine.execute(HierarchicalTestEngine.java:51)
	at org.junit.platform.launcher.core.DefaultLauncher.execute(DefaultLauncher.java:220)
	at org.junit.platform.launcher.core.DefaultLauncher.lambda$execute$6(DefaultLauncher.java:188)
	at org.junit.platform.launcher.core.DefaultLauncher.withInterceptedStreams(DefaultLauncher.java:202)
	at org.junit.platform.launcher.core.DefaultLauncher.execute(DefaultLauncher.java:181)
	at org.junit.platform.launcher.core.DefaultLauncher.execute(DefaultLauncher.java:128)
	at org.apache.maven.surefire.junitplatform.JUnitPlatformProvider.invokeAllTests(JUnitPlatformProvider.java:150)
	at org.apache.maven.surefire.junitplatform.JUnitPlatformProvider.invoke(JUnitPlatformProvider.java:124)
	at org.apache.maven.surefire.booter.ForkedBooter.invokeProviderInSameClassLoader(ForkedBooter.java:384)
	at org.apache.maven.surefire.booter.ForkedBooter.runSuitesInProcess(ForkedBooter.java:345)
	at org.apache.maven.surefire.booter.ForkedBooter.execute(ForkedBooter.java:126)
	at org.apache.maven.surefire.booter.ForkedBooter.main(ForkedBooter.java:418)
Caused by: org.springframework.beans.factory.support.BeanDefinitionOverrideException: Invalid bean definition with name 'tracer' defined in class path resource [org/springframework/cloud/sleuth/autoconfig/brave/BraveAutoConfiguration.class]: Cannot register bean definition [Root bean: class [null]; scope=; abstract=false; lazyInit=null; autowireMode=3; dependencyCheck=0; autowireCandidate=true; primary=false; factoryBeanName=org.springframework.cloud.sleuth.autoconfig.brave.BraveAutoConfiguration; factoryMethodName=tracer; initMethodName=null; destroyMethodName=(inferred); defined in class path resource [org/springframework/cloud/sleuth/autoconfig/brave/BraveAutoConfiguration.class]] for bean 'tracer': There is already [Root bean: class [null]; scope=; abstract=false; lazyInit=null; autowireMode=3; dependencyCheck=0; autowireCandidate=true; primary=false; factoryBeanName=com.expedia.haystack.opentracing.spring.starter.TracerConfigurer; factoryMethodName=tracer; initMethodName=null; destroyMethodName=(inferred); defined in class path resource [com/expedia/haystack/opentracing/spring/starter/TracerConfigurer.class]] bound.
	at org.springframework.beans.factory.support.DefaultListableBeanFactory.registerBeanDefinition(DefaultListableBeanFactory.java:995)
	at org.springframework.context.annotation.ConfigurationClassBeanDefinitionReader.loadBeanDefinitionsForBeanMethod(ConfigurationClassBeanDefinitionReader.java:295)
	at org.springframework.context.annotation.ConfigurationClassBeanDefinitionReader.loadBeanDefinitionsForConfigurationClass(ConfigurationClassBeanDefinitionReader.java:153)
	at org.springframework.context.annotation.ConfigurationClassBeanDefinitionReader.loadBeanDefinitions(ConfigurationClassBeanDefinitionReader.java:129)
	at org.springframework.context.annotation.ConfigurationClassPostProcessor.processConfigBeanDefinitions(ConfigurationClassPostProcessor.java:343)
	at org.springframework.context.annotation.ConfigurationClassPostProcessor.postProcessBeanDefinitionRegistry(ConfigurationClassPostProcessor.java:247)
	at org.springframework.context.support.PostProcessorRegistrationDelegate.invokeBeanDefinitionRegistryPostProcessors(PostProcessorRegistrationDelegate.java:311)
	at org.springframework.context.support.PostProcessorRegistrationDelegate.invokeBeanFactoryPostProcessors(PostProcessorRegistrationDelegate.java:112)
	at org.springframework.context.support.AbstractApplicationContext.invokeBeanFactoryPostProcessors(AbstractApplicationContext.java:746)
	at org.springframework.context.support.AbstractApplicationContext.refresh(AbstractApplicationContext.java:564)
	at org.springframework.boot.SpringApplication.refresh(SpringApplication.java:754)
	at org.springframework.boot.SpringApplication.refreshContext(SpringApplication.java:434)
	at org.springframework.boot.SpringApplication.run(SpringApplication.java:338)
	at org.springframework.boot.test.context.SpringBootContextLoader.loadContext(SpringBootContextLoader.java:123)
	at org.springframework.test.context.cache.DefaultCacheAwareContextLoaderDelegate.loadContextInternal(DefaultCacheAwareContextLoaderDelegate.java:99)
	at org.springframework.test.context.cache.DefaultCacheAwareContextLoaderDelegate.loadContext(DefaultCacheAwareContextLoaderDelegate.java:124)
	... 67 common frames omitted
2021-08-25 11:39:39 [main] [demo-docker//] INFO  c.e.d.d.docker.demo.ApplicationTests: 55 - Starting ApplicationTests using Java 11.0.11 on Pulkits-MacBook-Pro.local with PID 49390 (started by pulkitpopli in /Users/pulkitpopli/pulkit/workspace/learn/docker.demo)
2021-08-25 11:39:39 [main] [demo-docker//] DEBUG c.e.d.d.docker.demo.ApplicationTests: 56 - Running with Spring Boot v2.5.1, Spring v5.3.8
2021-08-25 11:39:39 [main] [demo-docker//] INFO  c.e.d.d.docker.demo.ApplicationTests: 659 - No active profile set, falling back to default profiles: default
2021-08-25 11:39:40 [main] [demo-docker//] INFO  i.o.c.s.w.s.ServerTracingAutoConfiguration: 103 - Creating WebMvcConfigurer bean with class io.opentracing.contrib.spring.web.interceptor.TracingHandlerInterceptor
2021-08-25 11:39:41 [main] [demo-docker//] INFO  i.o.c.s.w.s.ServerTracingAutoConfiguration: 81 - Creating FilterRegistrationBean bean with TracingFilter mapped to [], skip pattern is "/api-docs.*|/swagger.*|.*\.png|.*\.css|.*\.js|.*\.html|/favicon.ico|/hystrix.stream"
2021-08-25 11:39:41 [main] [demo-docker//] INFO  c.e.d.d.docker.demo.ApplicationTests: 61 - Started ApplicationTests in 1.801 seconds (JVM running for 2.623)
